<?xml version="1.0" encoding="UTF-8"?>
<!-- Generated by org.testng.reporters.JUnitReportReporter -->
<testsuite skipped="0" hostname="DESKTOP-5ADFI84" name="test.AddCustomerTest" tests="1" failures="0" timestamp="2023-02-24T14:43:50 EST" time="9.483" errors="0">
  <testcase name="UserShouldBeAbleToAddCustomer" time="9.483" classname="test.AddCustomerTest"/>
  <system-out/>
</testsuite> <!-- test.AddCustomerTest -->
