<?xml version="1.0" encoding="UTF-8"?>
<!-- Generated by org.testng.reporters.JUnitReportReporter -->
<testsuite skipped="0" hostname="DESKTOP-5ADFI84" name="test.ListCustomerTest" tests="1" failures="0" timestamp="2023-02-25T15:02:01 EST" time="12.067" errors="0">
  <testcase name="UserShouldBeAbleToAddCustomer" time="12.067" classname="test.ListCustomerTest"/>
  <system-out/>
</testsuite> <!-- test.ListCustomerTest -->
