<?xml version="1.0" encoding="UTF-8"?>
<!-- Generated by org.testng.reporters.JUnitReportReporter -->
<testsuite skipped="0" hostname="DESKTOP-5ADFI84" name="test.AddCustomerTest" tests="1" failures="0" timestamp="24 Feb 2023 18:53:58 GMT" time="7.085" errors="0">
  <testcase name="UserShouldBeAbleToAddCustomer" time="7.085" classname="test.AddCustomerTest"/>
</testsuite> <!-- test.AddCustomerTest -->
